E:\MYDOCUMENT\C++资料\SORT\DEBUG\SORT.EXE
E:\MYDOCUMENT\C++资料\SORT\DEBUG\SORT.ILK
E:\MYDOCUMENT\C++资料\SORT\DEBUG\SORT.PDB
E:\MyDocument\C++资料\sort\sort\Debug\cl.command.1.tlog
E:\MyDocument\C++资料\sort\sort\Debug\CL.read.1.tlog
E:\MyDocument\C++资料\sort\sort\Debug\CL.write.1.tlog
E:\MyDocument\C++资料\sort\sort\Debug\link.2140.read.1.tlog
E:\MyDocument\C++资料\sort\sort\Debug\link.2140.write.1.tlog
E:\MyDocument\C++资料\sort\sort\Debug\link.2140-cvtres.read.1.tlog
E:\MyDocument\C++资料\sort\sort\Debug\link.2140-cvtres.write.1.tlog
E:\MyDocument\C++资料\sort\sort\Debug\link.command.1.tlog
E:\MyDocument\C++资料\sort\sort\Debug\link.read.1.tlog
E:\MyDocument\C++资料\sort\sort\Debug\link.write.1.tlog
E:\MyDocument\C++资料\sort\sort\Debug\link-cvtres.read.1.tlog
E:\MyDocument\C++资料\sort\sort\Debug\link-cvtres.write.1.tlog
E:\MyDocument\C++资料\sort\sort\Debug\mt.command.1.tlog
E:\MyDocument\C++资料\sort\sort\Debug\mt.read.1.tlog
E:\MyDocument\C++资料\sort\sort\Debug\mt.write.1.tlog
E:\MyDocument\C++资料\sort\sort\Debug\rc.command.1.tlog
E:\MyDocument\C++资料\sort\sort\Debug\rc.read.1.tlog
E:\MyDocument\C++资料\sort\sort\Debug\rc.write.1.tlog
E:\MYDOCUMENT\C++资料\SORT\SORT\DEBUG\SORT.EXE.EMBED.MANIFEST
E:\MYDOCUMENT\C++资料\SORT\SORT\DEBUG\SORT.EXE.EMBED.MANIFEST.RES
E:\MYDOCUMENT\C++资料\SORT\SORT\DEBUG\SORT.EXE.INTERMEDIATE.MANIFEST
E:\MYDOCUMENT\C++资料\SORT\SORT\DEBUG\SORT.OBJ
E:\MyDocument\C++资料\sort\sort\Debug\sort.write.1.tlog
E:\MyDocument\C++资料\sort\sort\Debug\sort_manifest.rc
E:\MyDocument\C++资料\sort\sort\Debug\vc100.idb
E:\MYDOCUMENT\C++资料\SORT\SORT\DEBUG\VC100.PDB
